<?xml version="1.0" encoding="UTF-8"?>
<robot generator="Robot 5.0.1 (Python 3.9.13 on win32)" generated="20230324 22:29:47.061" rpa="true" schemaversion="3">
<suite id="s1" name="Tasks" source="c:\Users\pweva\code\prac\robocorp\Course 2 Demo\tasks.robot">
<test id="s1-t1" name="Order robots from RobotSpareBin Industries Inc" line="14">
<kw name="Get orders">
<var>${orders}</var>
<kw name="Download" library="RPA.HTTP">
<arg>https://robotsparebinindustries.com/orders.csv</arg>
<arg>target_file=${OUTPUT_DIR}${/}orders.csv</arg>
<arg>overwrite=${True}</arg>
<doc>An alias for the ``HTTP Get`` keyword.</doc>
<msg timestamp="20230324 22:29:48.045" level="INFO">Creating a new HTTP session</msg>
<msg timestamp="20230324 22:29:48.047" level="INFO">Creating Session using : alias=rpasession_alias.httpsrobotsparebinindustries.com, url=https://robotsparebinindustries.com, headers={},                     cookies={}, auth=None, timeout=None, proxies=None, verify=True,                     debug=0 </msg>
<status status="PASS" starttime="20230324 22:29:48.045" endtime="20230324 22:29:48.362"/>
</kw>
<kw name="Read table from CSV" library="RPA.Tables">
<var>${orders}</var>
<arg>${OUTPUT_DIR}${/}orders.csv</arg>
<doc>Read a CSV file as a table.</doc>
<msg timestamp="20230324 22:29:48.365" level="INFO">${orders} = Table(columns=['Order number', 'Head', 'Body', 'Legs', 'Address'], rows=20)</msg>
<status status="PASS" starttime="20230324 22:29:48.362" endtime="20230324 22:29:48.365"/>
</kw>
<return>
<value>${orders}</value>
<status status="PASS" starttime="20230324 22:29:48.366" endtime="20230324 22:29:48.366"/>
</return>
<msg timestamp="20230324 22:29:48.366" level="INFO">${orders} = Table(columns=['Order number', 'Head', 'Body', 'Legs', 'Address'], rows=20)</msg>
<status status="PASS" starttime="20230324 22:29:48.044" endtime="20230324 22:29:48.366"/>
</kw>
<kw name="Loop through orders">
<arg>${orders}</arg>
<for flavor="IN">
<var>${order}</var>
<value>@{orders}</value>
<iter>
<var name="${order}">{'Order number': '1', 'Head': '1', 'Body': '2', 'Legs': '3', 'Address': 'Address 123'}</var>
<kw name="Log" library="BuiltIn">
<arg>${order}</arg>
<doc>Logs the given message with the given level.</doc>
<msg timestamp="20230324 22:29:48.368" level="INFO">{'Order number': '1', 'Head': '1', 'Body': '2', 'Legs': '3', 'Address': 'Address 123'}</msg>
<status status="PASS" starttime="20230324 22:29:48.368" endtime="20230324 22:29:48.368"/>
</kw>
<status status="PASS" starttime="20230324 22:29:48.368" endtime="20230324 22:29:48.369"/>
</iter>
<iter>
<var name="${order}">{'Order number': '2', 'Head': '4', 'Body': '1', 'Legs': '5', 'Address': 'Address 456'}</var>
<kw name="Log" library="BuiltIn">
<arg>${order}</arg>
<doc>Logs the given message with the given level.</doc>
<msg timestamp="20230324 22:29:48.369" level="INFO">{'Order number': '2', 'Head': '4', 'Body': '1', 'Legs': '5', 'Address': 'Address 456'}</msg>
<status status="PASS" starttime="20230324 22:29:48.369" endtime="20230324 22:29:48.369"/>
</kw>
<status status="PASS" starttime="20230324 22:29:48.369" endtime="20230324 22:29:48.369"/>
</iter>
<iter>
<var name="${order}">{'Order number': '3', 'Head': '6', 'Body': '2', 'Legs': '3', 'Address': 'Address 789'}</var>
<kw name="Log" library="BuiltIn">
<arg>${order}</arg>
<doc>Logs the given message with the given level.</doc>
<msg timestamp="20230324 22:29:48.370" level="INFO">{'Order number': '3', 'Head': '6', 'Body': '2', 'Legs': '3', 'Address': 'Address 789'}</msg>
<status status="PASS" starttime="20230324 22:29:48.370" endtime="20230324 22:29:48.370"/>
</kw>
<status status="PASS" starttime="20230324 22:29:48.369" endtime="20230324 22:29:48.370"/>
</iter>
<iter>
<var name="${order}">{'Order number': '4', 'Head': '2', 'Body': '3', 'Legs': '2', 'Address': 'Address 1'}</var>
<kw name="Log" library="BuiltIn">
<arg>${order}</arg>
<doc>Logs the given message with the given level.</doc>
<msg timestamp="20230324 22:29:48.371" level="INFO">{'Order number': '4', 'Head': '2', 'Body': '3', 'Legs': '2', 'Address': 'Address 1'}</msg>
<status status="PASS" starttime="20230324 22:29:48.370" endtime="20230324 22:29:48.371"/>
</kw>
<status status="PASS" starttime="20230324 22:29:48.370" endtime="20230324 22:29:48.371"/>
</iter>
<iter>
<var name="${order}">{'Order number': '5', 'Head': '3', 'Body': '5', 'Legs': '1', 'Address': 'Address 2'}</var>
<kw name="Log" library="BuiltIn">
<arg>${order}</arg>
<doc>Logs the given message with the given level.</doc>
<msg timestamp="20230324 22:29:48.371" level="INFO">{'Order number': '5', 'Head': '3', 'Body': '5', 'Legs': '1', 'Address': 'Address 2'}</msg>
<status status="PASS" starttime="20230324 22:29:48.371" endtime="20230324 22:29:48.372"/>
</kw>
<status status="PASS" starttime="20230324 22:29:48.371" endtime="20230324 22:29:48.372"/>
</iter>
<iter>
<var name="${order}">{'Order number': '6', 'Head': '1', 'Body': '6', 'Legs': '6', 'Address': 'Address 3'}</var>
<kw name="Log" library="BuiltIn">
<arg>${order}</arg>
<doc>Logs the given message with the given level.</doc>
<msg timestamp="20230324 22:29:48.372" level="INFO">{'Order number': '6', 'Head': '1', 'Body': '6', 'Legs': '6', 'Address': 'Address 3'}</msg>
<status status="PASS" starttime="20230324 22:29:48.372" endtime="20230324 22:29:48.372"/>
</kw>
<status status="PASS" starttime="20230324 22:29:48.372" endtime="20230324 22:29:48.372"/>
</iter>
<iter>
<var name="${order}">{'Order number': '7', 'Head': '5', 'Body': '1', 'Legs': '5', 'Address': 'Address 4'}</var>
<kw name="Log" library="BuiltIn">
<arg>${order}</arg>
<doc>Logs the given message with the given level.</doc>
<msg timestamp="20230324 22:29:48.373" level="INFO">{'Order number': '7', 'Head': '5', 'Body': '1', 'Legs': '5', 'Address': 'Address 4'}</msg>
<status status="PASS" starttime="20230324 22:29:48.373" endtime="20230324 22:29:48.373"/>
</kw>
<status status="PASS" starttime="20230324 22:29:48.373" endtime="20230324 22:29:48.373"/>
</iter>
<iter>
<var name="${order}">{'Order number': '8', 'Head': '2', 'Body': '3', 'Legs': '3', 'Address': 'Address 5'}</var>
<kw name="Log" library="BuiltIn">
<arg>${order}</arg>
<doc>Logs the given message with the given level.</doc>
<msg timestamp="20230324 22:29:48.374" level="INFO">{'Order number': '8', 'Head': '2', 'Body': '3', 'Legs': '3', 'Address': 'Address 5'}</msg>
<status status="PASS" starttime="20230324 22:29:48.373" endtime="20230324 22:29:48.374"/>
</kw>
<status status="PASS" starttime="20230324 22:29:48.373" endtime="20230324 22:29:48.374"/>
</iter>
<iter>
<var name="${order}">{'Order number': '9', 'Head': '3', 'Body': '2', 'Legs': '2', 'Address': 'Address 6'}</var>
<kw name="Log" library="BuiltIn">
<arg>${order}</arg>
<doc>Logs the given message with the given level.</doc>
<msg timestamp="20230324 22:29:48.374" level="INFO">{'Order number': '9', 'Head': '3', 'Body': '2', 'Legs': '2', 'Address': 'Address 6'}</msg>
<status status="PASS" starttime="20230324 22:29:48.374" endtime="20230324 22:29:48.375"/>
</kw>
<status status="PASS" starttime="20230324 22:29:48.374" endtime="20230324 22:29:48.375"/>
</iter>
<iter>
<var name="${order}">{'Order number': '10', 'Head': '4', 'Body': '4', 'Legs': '2', 'Address': 'Address 7'}</var>
<kw name="Log" library="BuiltIn">
<arg>${order}</arg>
<doc>Logs the given message with the given level.</doc>
<msg timestamp="20230324 22:29:48.375" level="INFO">{'Order number': '10', 'Head': '4', 'Body': '4', 'Legs': '2', 'Address': 'Address 7'}</msg>
<status status="PASS" starttime="20230324 22:29:48.375" endtime="20230324 22:29:48.375"/>
</kw>
<status status="PASS" starttime="20230324 22:29:48.375" endtime="20230324 22:29:48.375"/>
</iter>
<iter>
<var name="${order}">{'Order number': '11', 'Head': '6', 'Body': '6', 'Legs': '1', 'Address': 'Address 8'}</var>
<kw name="Log" library="BuiltIn">
<arg>${order}</arg>
<doc>Logs the given message with the given level.</doc>
<msg timestamp="20230324 22:29:48.376" level="INFO">{'Order number': '11', 'Head': '6', 'Body': '6', 'Legs': '1', 'Address': 'Address 8'}</msg>
<status status="PASS" starttime="20230324 22:29:48.376" endtime="20230324 22:29:48.376"/>
</kw>
<status status="PASS" starttime="20230324 22:29:48.375" endtime="20230324 22:29:48.376"/>
</iter>
<iter>
<var name="${order}">{'Order number': '12', 'Head': '1', 'Body': '3', 'Legs': '3', 'Address': 'Address 9'}</var>
<kw name="Log" library="BuiltIn">
<arg>${order}</arg>
<doc>Logs the given message with the given level.</doc>
<msg timestamp="20230324 22:29:48.376" level="INFO">{'Order number': '12', 'Head': '1', 'Body': '3', 'Legs': '3', 'Address': 'Address 9'}</msg>
<status status="PASS" starttime="20230324 22:29:48.376" endtime="20230324 22:29:48.377"/>
</kw>
<status status="PASS" starttime="20230324 22:29:48.376" endtime="20230324 22:29:48.377"/>
</iter>
<iter>
<var name="${order}">{'Order number': '13', 'Head': '1', 'Body': '5', 'Legs': '4', 'Address': 'Address A'}</var>
<kw name="Log" library="BuiltIn">
<arg>${order}</arg>
<doc>Logs the given message with the given level.</doc>
<msg timestamp="20230324 22:29:48.377" level="INFO">{'Order number': '13', 'Head': '1', 'Body': '5', 'Legs': '4', 'Address': 'Address A'}</msg>
<status status="PASS" starttime="20230324 22:29:48.377" endtime="20230324 22:29:48.377"/>
</kw>
<status status="PASS" starttime="20230324 22:29:48.377" endtime="20230324 22:29:48.377"/>
</iter>
<iter>
<var name="${order}">{'Order number': '14', 'Head': '3', 'Body': '1', 'Legs': '5', 'Address': 'Address B'}</var>
<kw name="Log" library="BuiltIn">
<arg>${order}</arg>
<doc>Logs the given message with the given level.</doc>
<msg timestamp="20230324 22:29:48.378" level="INFO">{'Order number': '14', 'Head': '3', 'Body': '1', 'Legs': '5', 'Address': 'Address B'}</msg>
<status status="PASS" starttime="20230324 22:29:48.378" endtime="20230324 22:29:48.378"/>
</kw>
<status status="PASS" starttime="20230324 22:29:48.378" endtime="20230324 22:29:48.378"/>
</iter>
<iter>
<var name="${order}">{'Order number': '15', 'Head': '3', 'Body': '2', 'Legs': '6', 'Address': 'Address C'}</var>
<kw name="Log" library="BuiltIn">
<arg>${order}</arg>
<doc>Logs the given message with the given level.</doc>
<msg timestamp="20230324 22:29:48.379" level="INFO">{'Order number': '15', 'Head': '3', 'Body': '2', 'Legs': '6', 'Address': 'Address C'}</msg>
<status status="PASS" starttime="20230324 22:29:48.378" endtime="20230324 22:29:48.379"/>
</kw>
<status status="PASS" starttime="20230324 22:29:48.378" endtime="20230324 22:29:48.379"/>
</iter>
<iter>
<var name="${order}">{'Order number': '16', 'Head': '6', 'Body': '3', 'Legs': '6', 'Address': 'Address D'}</var>
<kw name="Log" library="BuiltIn">
<arg>${order}</arg>
<doc>Logs the given message with the given level.</doc>
<msg timestamp="20230324 22:29:48.379" level="INFO">{'Order number': '16', 'Head': '6', 'Body': '3', 'Legs': '6', 'Address': 'Address D'}</msg>
<status status="PASS" starttime="20230324 22:29:48.379" endtime="20230324 22:29:48.379"/>
</kw>
<status status="PASS" starttime="20230324 22:29:48.379" endtime="20230324 22:29:48.379"/>
</iter>
<iter>
<var name="${order}">{'Order number': '17', 'Head': '5', 'Body': '4', 'Legs': '1', 'Address': 'Address E'}</var>
<kw name="Log" library="BuiltIn">
<arg>${order}</arg>
<doc>Logs the given message with the given level.</doc>
<msg timestamp="20230324 22:29:48.380" level="INFO">{'Order number': '17', 'Head': '5', 'Body': '4', 'Legs': '1', 'Address': 'Address E'}</msg>
<status status="PASS" starttime="20230324 22:29:48.380" endtime="20230324 22:29:48.380"/>
</kw>
<status status="PASS" starttime="20230324 22:29:48.380" endtime="20230324 22:29:48.380"/>
</iter>
<iter>
<var name="${order}">{'Order number': '18', 'Head': '2', 'Body': '5', 'Legs': '1', 'Address': 'Address F'}</var>
<kw name="Log" library="BuiltIn">
<arg>${order}</arg>
<doc>Logs the given message with the given level.</doc>
<msg timestamp="20230324 22:29:48.381" level="INFO">{'Order number': '18', 'Head': '2', 'Body': '5', 'Legs': '1', 'Address': 'Address F'}</msg>
<status status="PASS" starttime="20230324 22:29:48.380" endtime="20230324 22:29:48.381"/>
</kw>
<status status="PASS" starttime="20230324 22:29:48.380" endtime="20230324 22:29:48.381"/>
</iter>
<iter>
<var name="${order}">{'Order number': '19', 'Head': '4', 'Body': '6', 'Legs': '2', 'Address': 'Address G'}</var>
<kw name="Log" library="BuiltIn">
<arg>${order}</arg>
<doc>Logs the given message with the given level.</doc>
<msg timestamp="20230324 22:29:48.382" level="INFO">{'Order number': '19', 'Head': '4', 'Body': '6', 'Legs': '2', 'Address': 'Address G'}</msg>
<status status="PASS" starttime="20230324 22:29:48.381" endtime="20230324 22:29:48.382"/>
</kw>
<status status="PASS" starttime="20230324 22:29:48.381" endtime="20230324 22:29:48.382"/>
</iter>
<iter>
<var name="${order}">{'Order number': '20', 'Head': '1', 'Body': '1', 'Legs': '5', 'Address': 'Address H'}</var>
<kw name="Log" library="BuiltIn">
<arg>${order}</arg>
<doc>Logs the given message with the given level.</doc>
<msg timestamp="20230324 22:29:48.382" level="INFO">{'Order number': '20', 'Head': '1', 'Body': '1', 'Legs': '5', 'Address': 'Address H'}</msg>
<status status="PASS" starttime="20230324 22:29:48.382" endtime="20230324 22:29:48.382"/>
</kw>
<status status="PASS" starttime="20230324 22:29:48.382" endtime="20230324 22:29:48.383"/>
</iter>
<status status="PASS" starttime="20230324 22:29:48.367" endtime="20230324 22:29:48.383"/>
</for>
<status status="PASS" starttime="20230324 22:29:48.367" endtime="20230324 22:29:48.383"/>
</kw>
<status status="PASS" starttime="20230324 22:29:48.042" endtime="20230324 22:29:48.383"/>
</test>
<doc>Orders robots from RobotSpareBin Industries Inc.
Saves the order HTML receipt as a PDF file.
Saves the screenshot of the ordered robot.
Embeds the screenshot of the robot to the PDF receipt.
Creates ZIP archive of the receipts and the images.</doc>
<status status="PASS" starttime="20230324 22:29:47.079" endtime="20230324 22:29:48.384"/>
</suite>
<statistics>
<total>
<stat pass="1" fail="0" skip="0">All Tasks</stat>
</total>
<tag>
</tag>
<suite>
<stat pass="1" fail="0" skip="0" id="s1" name="Tasks">Tasks</stat>
</suite>
</statistics>
<errors>
</errors>
</robot>
